STEP to UG
! INFO-     NX STEP AP203 - V2406.5001
! INFO-      
! INFO-     Start of Translation: 29-DEC-2024  5:55:39 PM
! INFO-      
! STATUS-   Converting Part: C:\Users\Axle\Desktop\IRISP-REPO\Redesign\0711344_uk5n_bk_select.stp
! SUMMARY-   
! SUMMARY-    STEP Header Information
! SUMMARY-   
! SUMMARY-  Description      OneSpaceDesigner STEP Export
! SUMMARY-  Imp_Level        2;1
! SUMMARY-  File_Name        0711344_uk5n_bk_select.stp
! SUMMARY-  Date             2004-11-22T 7:08:46
! SUMMARY-  Author           Unknown
! SUMMARY-  Organization     Unknown
! SUMMARY-  Pre_Version      OneSpace Designer STEP processor (Jan. 2003) for AP203(Solid Model)
! SUMMARY-  Orig_System      OneSpace Designer 12.01C  26-Mar-2004 (C) CoCreate Software GmbH
! SUMMARY-  Authorization    Unknown
! SUMMARY-  Schema_ID        config_control_design
! SUMMARY-   
! SUMMARY-    Summary of STEP Entities
! SUMMARY-   
! SUMMARY-  Entity Type                                                   Count
! SUMMARY-  -----------                                                   ------
! SUMMARY-  advanced_brep_shape_representation .........................:      1
! SUMMARY-  advanced_face ..............................................:    161
! SUMMARY-  application_context ........................................:      2
! SUMMARY-  approval ...................................................:      7
! SUMMARY-  approval_date_time .........................................:      7
! SUMMARY-  approval_person_organization ...............................:      7
! SUMMARY-  approval_role ..............................................:      7
! SUMMARY-  approval_status ............................................:      7
! SUMMARY-  axis2_placement_3d .........................................:    254
! SUMMARY-  calendar_date ..............................................:      7
! SUMMARY-  cartesian_point ............................................:    898
! SUMMARY-  circle .....................................................:    104
! SUMMARY-  closed_shell ...............................................:      1
! SUMMARY-  context_dependent_shape_representation .....................:      1
! SUMMARY-  coordinated_universal_time_offset ..........................:      7
! SUMMARY-  cylindrical_surface ........................................:     52
! SUMMARY-  date_and_time ..............................................:      7
! SUMMARY-  direction ..................................................:    844
! SUMMARY-  edge_curve .................................................:    464
! SUMMARY-  edge_loop ..................................................:    164
! SUMMARY-  face_bound .................................................:      3
! SUMMARY-  face_outer_bound ...........................................:    161
! SUMMARY-  geometric_representation_context_and_global_uncertainty_a ..:      2
! SUMMARY-  item_defined_transformation ................................:      1
! SUMMARY-  length_unit_and_si_unit ....................................:      2
! SUMMARY-  line .......................................................:    336
! SUMMARY-  local_time .................................................:      7
! SUMMARY-  manifold_solid_brep ........................................:      1
! SUMMARY-  next_assembly_usage_occurrence .............................:      1
! SUMMARY-  organization ...............................................:      7
! SUMMARY-  oriented_edge ..............................................:    928
! SUMMARY-  person .....................................................:      7
! SUMMARY-  person_and_organization ....................................:      7
! SUMMARY-  plane ......................................................:     96
! SUMMARY-  plane_angle_unit_and_si_unit ...............................:      2
! SUMMARY-  product ....................................................:      2
! SUMMARY-  product_context ............................................:      2
! SUMMARY-  product_definition .........................................:      2
! SUMMARY-  product_definition_context .................................:      2
! SUMMARY-  product_definition_formation_with_specified_source .........:      2
! SUMMARY-  product_definition_shape ...................................:      3
! SUMMARY-  product_related_product_category ...........................:      2
! SUMMARY-  representation_relationship_with_transformation_and_shape ..:      1
! SUMMARY-  shape_representation .......................................:      1
! SUMMARY-  si_unit_and_solid_angle_unit ...............................:      2
! SUMMARY-  uncertainty_measure_with_unit ..............................:      2
! SUMMARY-  vector .....................................................:    336
! SUMMARY-  vertex_point ...............................................:    308
! SUMMARY-                                                               -------
! SUMMARY-  Total                                                           5228
! STATUS-    
! STATUS-   Converting to Output Form (Phase 2 of 3): 29-DEC-2024 5:55:39 PM
! STATUS-    
! STATUS-    
! STATUS-   Generating UG geometry and placing them in parts
! STATUS-    
! STATUS-   Creating the UG part (Phase 3 of 3): 29-DEC-2024  5:55:39 PM
! INFO-     Filing Part ..: C:\Users\Axle\Desktop\IRISP-REPO\Redesign\0711344_uk5n_bk_select63270
! SUMMARY-   
! SUMMARY-  Summary of Unigraphics Part Entities
! SUMMARY-   
! SUMMARY-  Entities Processed             Count
! SUMMARY-  ------------------             -----
! SUMMARY-  Solid/Sheet .................:     1
! SUMMARY-                                 -----
! SUMMARY-  Total                              1
! STATUS-   Creating the UG part (Phase 3 of 3): 29-DEC-2024  5:55:39 PM
! INFO-     Filing Part ..: C:\Users\Axle\Desktop\IRISP-REPO\Redesign\0711344_uk5n_bk_select65960.prt
! SUMMARY-   
! SUMMARY-  Summary of Unigraphics Part Entities
! SUMMARY-   
! SUMMARY-  Entities Processed             Count
! SUMMARY-  ------------------             -----
! SUMMARY-  Component ...................:     1
! SUMMARY-                                 -----
! SUMMARY-  Total                              1
! INFO-      
! INFO-     Total number of solids input for this translation       :         1
! INFO-      
! INFO-     Number of solids created without body validation faults :         1
! INFO-      
! INFO-     Number of solids created with body validation fault(s)  :         0
! INFO-      
! INFO-     Number of solids ending up as sheet bodies              :         0
! INFO-      
! INFO-     End of Translation: 29-DEC-2024  5:55:39 PM
! INFO-      
