STEP to UG
! INFO-     NX STEP AP214 - V2206.8060
! INFO-      
! INFO-     Start of Translation: 23-MAY-2024  8:03:25 PM
! INFO-      
! STATUS-   Converting Part: C:\Users\Stefan\Documents\CB109_2\CIM-CAD\Redesign\460.1-0300-015A0-XM GC34_200824751_mod_0_2~tm01_00.stp
! SUMMARY-   
! SUMMARY-    STEP Header Information
! SUMMARY-   
! SUMMARY-  Description      Unknown
! SUMMARY-  Imp_Level        2;1
! SUMMARY-  File_Name        7460_1_3d.stp
! SUMMARY-  Date             2019-07-12T00:51:56+02:00
! SUMMARY-  Author           Unknown
! SUMMARY-  Organization     SMS
! SUMMARY-  Pre_Version      ST-DEVELOPER v16.7
! SUMMARY-  Orig_System      SIEMENS PLM Software NX 12.0
! SUMMARY-  Authorization    Unknown
! SUMMARY-  Schema_ID        automotive_design
! SUMMARY-   
! SUMMARY-    Summary of STEP Entities
! SUMMARY-   
! SUMMARY-  Entity Type                                                   Count
! SUMMARY-  -----------                                                   ------
! SUMMARY-  advanced_face ..............................................:     10
! SUMMARY-  application_context ........................................:      1
! SUMMARY-  axis2_placement_3d .........................................:     22
! SUMMARY-  b_spline_curve_with_knots ..................................:      1
! SUMMARY-  cartesian_point ............................................:     46
! SUMMARY-  circle .....................................................:      8
! SUMMARY-  closed_shell ...............................................:      2
! SUMMARY-  conical_surface ............................................:      4
! SUMMARY-  conversion_based_unit_and_plane_angle_unit .................:      1
! SUMMARY-  cylindrical_surface ........................................:      1
! SUMMARY-  dimensional_exponents ......................................:      1
! SUMMARY-  direction ..................................................:     44
! SUMMARY-  edge_curve .................................................:      8
! SUMMARY-  edge_loop ..................................................:     16
! SUMMARY-  face_bound .................................................:     14
! SUMMARY-  face_outer_bound ...........................................:      3
! SUMMARY-  geometric_representation_context_and_global_uncertainty_a ..:      1
! SUMMARY-  length_unit_and_si_unit ....................................:      1
! SUMMARY-  manifold_solid_brep ........................................:      2
! SUMMARY-  oriented_edge ..............................................:     16
! SUMMARY-  plane ......................................................:      3
! SUMMARY-  plane_angle_measure_with_unit ..............................:      1
! SUMMARY-  plane_angle_unit_and_si_unit ...............................:      1
! SUMMARY-  product ....................................................:      1
! SUMMARY-  product_context ............................................:      1
! SUMMARY-  product_definition .........................................:      1
! SUMMARY-  product_definition_context .................................:      1
! SUMMARY-  product_definition_formation_with_specified_source .........:      1
! SUMMARY-  product_definition_shape ...................................:      1
! SUMMARY-  product_related_product_category ...........................:      1
! SUMMARY-  si_unit_and_solid_angle_unit ...............................:      1
! SUMMARY-  toroidal_surface ...........................................:      2
! SUMMARY-  uncertainty_measure_with_unit ..............................:      1
! SUMMARY-  vertex_loop ................................................:      1
! SUMMARY-  vertex_point ...............................................:      9
! SUMMARY-                                                               -------
! SUMMARY-  Total                                                            228
! STATUS-    
! STATUS-   Converting to Output Form (Phase 2 of 3): 23-MAY-2024 8:03:25 PM
! STATUS-    
! STATUS-    
! STATUS-   Generating UG geometry and placing them in parts
! STATUS-    
! STATUS-   Creating the UG part (Phase 3 of 3): 23-MAY-2024  8:03:25 PM
! INFO-     Filing Part ..: C:\Users\Stefan\Documents\CB109_2\CIM-CAD\Redesign\460.1-0300-015A0-XM GC34_200824751_mod_0_2~tm01_00_stp.prt
! SUMMARY-   
! SUMMARY-  Summary of Unigraphics Part Entities
! SUMMARY-   
! SUMMARY-  Entities Processed             Count
! SUMMARY-  ------------------             -----
! SUMMARY-  Point .......................:     2
! SUMMARY-  B-Curve .....................:     1
! SUMMARY-  Solid .......................:     2
! SUMMARY-                                 -----
! SUMMARY-  Total                              5
! INFO-      
! INFO-     Total number of solids input for this translation       :         2
! INFO-      
! INFO-     Number of solids created without body validation faults :         2
! INFO-      
! INFO-     Number of solids created with body validation fault(s)  :         0
! INFO-      
! INFO-     Number of solids ending up as sheet bodies              :         0
! INFO-      
! INFO-     End of Translation: 23-MAY-2024  8:03:25 PM
! INFO-      
