STEP to UG
! INFO-     NX STEP AP214 - V2406.5001
! INFO-      
! INFO-     Start of Translation: 11-DEC-2024  4:46:24 PM
! INFO-      
! STATUS-   Converting Part: C:\Users\Axle\Desktop\IRISP-REPO\Redesign\6100-4111-XX0-00-3.STEP
! SUMMARY-   
! SUMMARY-    STEP Header Information
! SUMMARY-   
! SUMMARY-  Description      STEP AP214
! SUMMARY-  Imp_Level        1
! SUMMARY-  File_Name        6100-4111-XX0-00-3.STEP
! SUMMARY-  Date             2023-04-13T11:29:02
! SUMMARY-  Author           Unknown
! SUMMARY-  Organization     Unknown
! SUMMARY-  Pre_Version      SwSTEP 2.0
! SUMMARY-  Orig_System      SolidWorks 2020
! SUMMARY-  Authorization    Unknown
! SUMMARY-  Schema_ID        automotive_design
! SUMMARY-   
! SUMMARY-    Summary of STEP Entities
! SUMMARY-   
! SUMMARY-  Entity Type                                                   Count
! SUMMARY-  -----------                                                   ------
! SUMMARY-  advanced_face ..............................................:    535
! SUMMARY-  application_context ........................................:      2
! SUMMARY-  axis2_placement_3d .........................................:    728
! SUMMARY-  b_spline_curve_with_knots ..................................:    160
! SUMMARY-  b_spline_curve_with_knots_and_rational_b_spline_curve ......:    174
! SUMMARY-  b_spline_surface_with_knots_and_rational_b_spline_surface ..:    112
! SUMMARY-  cartesian_point ............................................:   5724
! SUMMARY-  circle .....................................................:    304
! SUMMARY-  closed_shell ...............................................:      1
! SUMMARY-  conical_surface ............................................:      2
! SUMMARY-  cylindrical_surface ........................................:    190
! SUMMARY-  direction ..................................................:   2177
! SUMMARY-  edge_curve .................................................:   1359
! SUMMARY-  edge_loop ..................................................:    555
! SUMMARY-  face_bound .................................................:     20
! SUMMARY-  face_outer_bound ...........................................:    535
! SUMMARY-  geometric_representation_context_and_global_uncertainty_a ..:      3
! SUMMARY-  length_unit_and_si_unit ....................................:      3
! SUMMARY-  line .......................................................:    721
! SUMMARY-  manifold_solid_brep ........................................:      1
! SUMMARY-  oriented_edge ..............................................:   2718
! SUMMARY-  plane ......................................................:    203
! SUMMARY-  plane_angle_unit_and_si_unit ...............................:      3
! SUMMARY-  product ....................................................:      1
! SUMMARY-  product_context ............................................:      1
! SUMMARY-  product_definition .........................................:      1
! SUMMARY-  product_definition_context .................................:      1
! SUMMARY-  product_definition_formation_with_specified_source .........:      1
! SUMMARY-  product_definition_shape ...................................:      1
! SUMMARY-  product_related_product_category ...........................:      1
! SUMMARY-  si_unit_and_solid_angle_unit ...............................:      3
! SUMMARY-  spherical_surface ..........................................:      4
! SUMMARY-  toroidal_surface ...........................................:     24
! SUMMARY-  uncertainty_measure_with_unit ..............................:      3
! SUMMARY-  vector .....................................................:    721
! SUMMARY-  vertex_point ...............................................:    834
! SUMMARY-                                                               -------
! SUMMARY-  Total                                                          17826
! STATUS-    
! STATUS-   Converting to Output Form (Phase 2 of 3): 11-DEC-2024 4:46:24 PM
! STATUS-    
! STATUS-    
! STATUS-   Generating UG geometry and placing them in parts
! STATUS-    
! STATUS-   Creating the UG part (Phase 3 of 3): 11-DEC-2024  4:46:25 PM
! INFO-     Filing Part ..: C:\Users\Axle\Desktop\IRISP-REPO\Redesign\6100-4111-XX0-00-3_step.prt
! SUMMARY-   
! SUMMARY-  Summary of Unigraphics Part Entities
! SUMMARY-   
! SUMMARY-  Entities Processed             Count
! SUMMARY-  ------------------             -----
! SUMMARY-  Solid/Sheet .................:     1
! SUMMARY-                                 -----
! SUMMARY-  Total                              1
! INFO-      
! INFO-     Total number of solids input for this translation       :         1
! INFO-      
! INFO-     Number of solids created without body validation faults :         1
! INFO-      
! INFO-     Number of solids created with body validation fault(s)  :         0
! INFO-      
! INFO-     Number of solids ending up as sheet bodies              :         0
! INFO-      
! INFO-     End of Translation: 11-DEC-2024  4:46:26 PM
! INFO-      
