STEP to UG
! INFO-     NX STEP AP214 - V2406.5001
! INFO-      
! INFO-     Start of Translation: 3-DEC-2024  1:30:35 AM
! INFO-      
! STATUS-   Converting Part: C:\Users\Axle\Desktop\ISIP-FINAL-BUN(1)\Celula\NX\Redesign\Conector.stp
! SUMMARY-   
! SUMMARY-    STEP Header Information
! SUMMARY-   
! SUMMARY-  Description      Unknown
! SUMMARY-  Imp_Level        2;1
! SUMMARY-  File_Name        Conector.stp
! SUMMARY-  Date             2024-12-03T01:30:02+02:00
! SUMMARY-  Author           Unknown
! SUMMARY-  Organization     Unknown
! SUMMARY-  Pre_Version      ST-DEVELOPER v20
! SUMMARY-  Orig_System      SIEMENS PLM Software NX2406.5001
! SUMMARY-  Authorization    Unknown
! SUMMARY-  Schema_ID        automotive_design
! SUMMARY-   
! SUMMARY-    Summary of STEP Entities
! SUMMARY-   
! SUMMARY-  Entity Type                                                   Count
! SUMMARY-  -----------                                                   ------
! SUMMARY-  advanced_face ..............................................:   3206
! SUMMARY-  application_context ........................................:      1
! SUMMARY-  axis2_placement_3d .........................................:   4303
! SUMMARY-  b_spline_curve_with_knots ..................................:    504
! SUMMARY-  b_spline_curve_with_knots_and_rational_b_spline_curve ......:     15
! SUMMARY-  b_spline_surface_with_knots ................................:     25
! SUMMARY-  b_spline_surface_with_knots_and_rational_b_spline_surface ..:    228
! SUMMARY-  cartesian_point ............................................:  36694
! SUMMARY-  circle .....................................................:   1060
! SUMMARY-  closed_shell ...............................................:      4
! SUMMARY-  conical_surface ............................................:     18
! SUMMARY-  conversion_based_unit_and_plane_angle_unit .................:      1
! SUMMARY-  cylindrical_surface ........................................:    450
! SUMMARY-  dimensional_exponents ......................................:      1
! SUMMARY-  direction ..................................................:  15824
! SUMMARY-  edge_curve .................................................:   9086
! SUMMARY-  edge_loop ..................................................:   3383
! SUMMARY-  ellipse ....................................................:    289
! SUMMARY-  face_bound .................................................:    215
! SUMMARY-  face_outer_bound ...........................................:   3168
! SUMMARY-  geometric_representation_context_and_global_uncertainty_a ..:      1
! SUMMARY-  length_unit_and_si_unit ....................................:      1
! SUMMARY-  line .......................................................:   7218
! SUMMARY-  manifold_solid_brep ........................................:      4
! SUMMARY-  oriented_edge ..............................................:  18172
! SUMMARY-  plane ......................................................:   2457
! SUMMARY-  plane_angle_measure_with_unit ..............................:      1
! SUMMARY-  plane_angle_unit_and_si_unit ...............................:      1
! SUMMARY-  product ....................................................:      1
! SUMMARY-  product_context ............................................:      1
! SUMMARY-  product_definition .........................................:      1
! SUMMARY-  product_definition_context .................................:      1
! SUMMARY-  product_definition_formation_with_specified_source .........:      1
! SUMMARY-  product_definition_shape ...................................:      1
! SUMMARY-  product_related_product_category ...........................:      1
! SUMMARY-  si_unit_and_solid_angle_unit ...............................:      1
! SUMMARY-  spherical_surface ..........................................:      6
! SUMMARY-  toroidal_surface ...........................................:     22
! SUMMARY-  uncertainty_measure_with_unit ..............................:      1
! SUMMARY-  vector .....................................................:   7218
! SUMMARY-  vertex_point ...............................................:   5961
! SUMMARY-                                                               -------
! SUMMARY-  Total                                                         119546
! STATUS-    
! STATUS-   Converting to Output Form (Phase 2 of 3): 3-DEC-2024 1:30:36 AM
! STATUS-    
! STATUS-    
! STATUS-   Generating UG geometry and placing them in parts
! STATUS-    
! STATUS-   Creating the UG part (Phase 3 of 3): 3-DEC-2024  1:30:41 AM
! INFO-     Filing Part ..: C:\Users\Axle\Desktop\ISIP-FINAL-BUN(1)\Celula\NX\Redesign\Conector_stp.prt
! SUMMARY-   
! SUMMARY-  Summary of Unigraphics Part Entities
! SUMMARY-   
! SUMMARY-  Entities Processed             Count
! SUMMARY-  ------------------             -----
! SUMMARY-  Solid/Sheet .................:     4
! SUMMARY-                                 -----
! SUMMARY-  Total                              4
! INFO-      
! INFO-     Total number of solids input for this translation       :         4
! INFO-      
! INFO-     Number of solids created without body validation faults :         4
! INFO-      
! INFO-     Number of solids created with body validation fault(s)  :         0
! INFO-      
! INFO-     Number of solids ending up as sheet bodies              :         0
! INFO-      
! INFO-     End of Translation: 3-DEC-2024  1:30:43 AM
! INFO-      
