STEP to UG
! INFO-     NX STEP AP214 - V2206.8060
! INFO-      
! INFO-     Start of Translation: 23-MAY-2024  7:55:27 PM
! INFO-      
! STATUS-   Converting Part: C:\Users\Stefan\Documents\CB109_2\CIM-CAD\Redesign\DC Spinndle v1.step
! SUMMARY-   
! SUMMARY-    STEP Header Information
! SUMMARY-   
! SUMMARY-  Description      Unknown
! SUMMARY-  Imp_Level        2;1
! SUMMARY-  File_Name        DC Spinndle v1.step
! SUMMARY-  Date             2024-05-03T17:42:30+01:00
! SUMMARY-  Author           Unknown
! SUMMARY-  Organization     Unknown
! SUMMARY-  Pre_Version      ST-DEVELOPER v20
! SUMMARY-  Orig_System      Autodesk Translation Framework v12.20.1.177
! SUMMARY-  Authorization    Unknown
! SUMMARY-  Schema_ID        automotive_design
! SUMMARY-   
! SUMMARY-    Summary of STEP Entities
! SUMMARY-   
! SUMMARY-  Entity Type                                                   Count
! SUMMARY-  -----------                                                   ------
! SUMMARY-  advanced_face ..............................................:    225
! SUMMARY-  application_context ........................................:      1
! SUMMARY-  axis2_placement_3d .........................................:    361
! SUMMARY-  b_spline_curve_with_knots ..................................:    231
! SUMMARY-  b_spline_surface_with_knots ................................:     14
! SUMMARY-  cartesian_point ............................................:   9858
! SUMMARY-  circle .....................................................:    141
! SUMMARY-  closed_shell ...............................................:      4
! SUMMARY-  conical_surface ............................................:      6
! SUMMARY-  context_dependent_shape_representation .....................:      4
! SUMMARY-  cylindrical_surface ........................................:    138
! SUMMARY-  direction ..................................................:    937
! SUMMARY-  edge_curve .................................................:    587
! SUMMARY-  edge_loop ..................................................:    257
! SUMMARY-  face_bound .................................................:     32
! SUMMARY-  face_outer_bound ...........................................:    225
! SUMMARY-  geometric_representation_context_and_global_uncertainty_a ..:      6
! SUMMARY-  item_defined_transformation ................................:      4
! SUMMARY-  length_unit_and_si_unit ....................................:      1
! SUMMARY-  line .......................................................:    215
! SUMMARY-  manifold_solid_brep ........................................:      4
! SUMMARY-  next_assembly_usage_occurrence .............................:      4
! SUMMARY-  oriented_edge ..............................................:   1174
! SUMMARY-  plane ......................................................:     67
! SUMMARY-  plane_angle_unit_and_si_unit ...............................:      1
! SUMMARY-  product ....................................................:      5
! SUMMARY-  product_context ............................................:      1
! SUMMARY-  product_definition .........................................:      5
! SUMMARY-  product_definition_context .................................:      1
! SUMMARY-  product_definition_formation ...............................:      5
! SUMMARY-  product_definition_shape ...................................:      9
! SUMMARY-  product_related_product_category ...........................:      5
! SUMMARY-  representation_relationship_with_transformation_and_shape ..:      4
! SUMMARY-  shape_representation .......................................:      5
! SUMMARY-  si_unit_and_solid_angle_unit ...............................:      1
! SUMMARY-  uncertainty_measure_with_unit ..............................:      6
! SUMMARY-  vector .....................................................:    215
! SUMMARY-  vertex_point ...............................................:    386
! SUMMARY-                                                               -------
! SUMMARY-  Total                                                          15145
! STATUS-    
! STATUS-   Converting to Output Form (Phase 2 of 3): 23-MAY-2024 7:55:27 PM
! STATUS-    
! STATUS-    
! STATUS-   Generating UG geometry and placing them in parts
! STATUS-    
! STATUS-   Creating the UG part (Phase 3 of 3): 23-MAY-2024  7:55:29 PM
! INFO-     Filing Part ..: C:\Users\Stefan\Documents\CB109_2\CIM-CAD\Redesign\Component4
! SUMMARY-   
! SUMMARY-  Summary of Unigraphics Part Entities
! SUMMARY-   
! SUMMARY-  Entities Processed             Count
! SUMMARY-  ------------------             -----
! SUMMARY-  Solid .......................:     1
! SUMMARY-                                 -----
! SUMMARY-  Total                              1
! STATUS-   Creating the UG part (Phase 3 of 3): 23-MAY-2024  7:55:29 PM
! INFO-     Filing Part ..: C:\Users\Stefan\Documents\CB109_2\CIM-CAD\Redesign\Component3
! SUMMARY-   
! SUMMARY-  Summary of Unigraphics Part Entities
! SUMMARY-   
! SUMMARY-  Entities Processed             Count
! SUMMARY-  ------------------             -----
! SUMMARY-  Solid .......................:     1
! SUMMARY-                                 -----
! SUMMARY-  Total                              1
! STATUS-   Creating the UG part (Phase 3 of 3): 23-MAY-2024  7:55:29 PM
! INFO-     Filing Part ..: C:\Users\Stefan\Documents\CB109_2\CIM-CAD\Redesign\Component2
! SUMMARY-   
! SUMMARY-  Summary of Unigraphics Part Entities
! SUMMARY-   
! SUMMARY-  Entities Processed             Count
! SUMMARY-  ------------------             -----
! SUMMARY-  Solid .......................:     1
! SUMMARY-                                 -----
! SUMMARY-  Total                              1
! STATUS-   Creating the UG part (Phase 3 of 3): 23-MAY-2024  7:55:30 PM
! INFO-     Filing Part ..: C:\Users\Stefan\Documents\CB109_2\CIM-CAD\Redesign\Component1
! SUMMARY-   
! SUMMARY-  Summary of Unigraphics Part Entities
! SUMMARY-   
! SUMMARY-  Entities Processed             Count
! SUMMARY-  ------------------             -----
! SUMMARY-  Solid .......................:     1
! SUMMARY-                                 -----
! SUMMARY-  Total                              1
! STATUS-   Creating the UG part (Phase 3 of 3): 23-MAY-2024  7:55:30 PM
! INFO-     Filing Part ..: C:\Users\Stefan\Documents\CB109_2\CIM-CAD\Redesign\DC Spinndle v1_step.prt
! SUMMARY-   
! SUMMARY-  Summary of Unigraphics Part Entities
! SUMMARY-   
! SUMMARY-  Entities Processed             Count
! SUMMARY-  ------------------             -----
! SUMMARY-  Component ...................:     4
! SUMMARY-                                 -----
! SUMMARY-  Total                              4
! INFO-      
! INFO-     Total number of solids input for this translation       :         4
! INFO-      
! INFO-     Number of solids created without body validation faults :         4
! INFO-      
! INFO-     Number of solids created with body validation fault(s)  :         0
! INFO-      
! INFO-     Number of solids ending up as sheet bodies              :         0
! INFO-      
! INFO-     End of Translation: 23-MAY-2024  7:55:30 PM
! INFO-      
