STEP to UG
! INFO-     NX STEP AP214 - V2206.8060
! INFO-      
! INFO-     Start of Translation: 23-MAY-2024  7:28:03 PM
! INFO-      
! STATUS-   Converting Part: C:\Users\Stefan\Documents\CB109_2\CIM-CAD\Redesign\Steppi 600 rough v11.step
! SUMMARY-   
! SUMMARY-    STEP Header Information
! SUMMARY-   
! SUMMARY-  Description      Unknown
! SUMMARY-  Imp_Level        2;1
! SUMMARY-  File_Name        C:/Users/Stefan/Desktop/StepCraft/StayOnTarget/Steppi 600 rough v11.step
! SUMMARY-  Date             2020-09-28T20:48:43+02:00
! SUMMARY-  Author           Unknown
! SUMMARY-  Organization     Unknown
! SUMMARY-  Pre_Version      ST-DEVELOPER v18.1
! SUMMARY-  Orig_System      Autodesk Translation Framework v9.3.0.1241
! SUMMARY-  Authorization    Unknown
! SUMMARY-  Schema_ID        automotive_design
! SUMMARY-   
! SUMMARY-    Summary of STEP Entities
! SUMMARY-   
! SUMMARY-  Entity Type                                                   Count
! SUMMARY-  -----------                                                   ------
! SUMMARY-  advanced_face ..............................................:    221
! SUMMARY-  application_context ........................................:      1
! SUMMARY-  axis2_placement_3d .........................................:    352
! SUMMARY-  cartesian_point ............................................:   1098
! SUMMARY-  circle .....................................................:    119
! SUMMARY-  closed_shell ...............................................:     23
! SUMMARY-  context_dependent_shape_representation .....................:      6
! SUMMARY-  cylindrical_surface ........................................:     58
! SUMMARY-  direction ..................................................:   1104
! SUMMARY-  edge_curve .................................................:    519
! SUMMARY-  edge_loop ..................................................:    231
! SUMMARY-  face_bound .................................................:     10
! SUMMARY-  face_outer_bound ...........................................:    221
! SUMMARY-  geometric_representation_context_and_global_uncertainty_a ..:      7
! SUMMARY-  item_defined_transformation ................................:      6
! SUMMARY-  length_unit_and_si_unit ....................................:      1
! SUMMARY-  line .......................................................:    400
! SUMMARY-  manifold_solid_brep ........................................:     23
! SUMMARY-  next_assembly_usage_occurrence .............................:      6
! SUMMARY-  oriented_edge ..............................................:   1038
! SUMMARY-  plane ......................................................:    162
! SUMMARY-  plane_angle_unit_and_si_unit ...............................:      1
! SUMMARY-  product ....................................................:      6
! SUMMARY-  product_context ............................................:      1
! SUMMARY-  product_definition .........................................:      6
! SUMMARY-  product_definition_context .................................:      1
! SUMMARY-  product_definition_formation ...............................:      6
! SUMMARY-  product_definition_shape ...................................:     12
! SUMMARY-  product_related_product_category ...........................:      6
! SUMMARY-  representation_relationship_with_transformation_and_shape ..:      6
! SUMMARY-  shape_representation .......................................:      6
! SUMMARY-  si_unit_and_solid_angle_unit ...............................:      1
! SUMMARY-  toroidal_surface ...........................................:      1
! SUMMARY-  uncertainty_measure_with_unit ..............................:      7
! SUMMARY-  vector .....................................................:    400
! SUMMARY-  vertex_point ...............................................:    346
! SUMMARY-                                                               -------
! SUMMARY-  Total                                                           6412
! STATUS-    
! STATUS-   Converting to Output Form (Phase 2 of 3): 23-MAY-2024 7:28:03 PM
! STATUS-    
! STATUS-    
! STATUS-   Generating UG geometry and placing them in parts
! STATUS-    
! STATUS-   Creating the UG part (Phase 3 of 3): 23-MAY-2024  7:28:04 PM
! INFO-     Filing Part ..: C:\Users\Stefan\Documents\CB109_2\CIM-CAD\Redesign\Gantry plate
! SUMMARY-   
! SUMMARY-  Summary of Unigraphics Part Entities
! SUMMARY-   
! SUMMARY-  Entities Processed             Count
! SUMMARY-  ------------------             -----
! SUMMARY-  Solid .......................:     2
! SUMMARY-                                 -----
! SUMMARY-  Total                              2
! STATUS-   Creating the UG part (Phase 3 of 3): 23-MAY-2024  7:28:04 PM
! INFO-     Filing Part ..: C:\Users\Stefan\Documents\CB109_2\CIM-CAD\Redesign\simple stepper 42 mm
! SUMMARY-   
! SUMMARY-  Summary of Unigraphics Part Entities
! SUMMARY-   
! SUMMARY-  Entities Processed             Count
! SUMMARY-  ------------------             -----
! SUMMARY-  Solid .......................:     4
! SUMMARY-                                 -----
! SUMMARY-  Total                              4
! STATUS-   Creating the UG part (Phase 3 of 3): 23-MAY-2024  7:28:05 PM
! INFO-     Filing Part ..: C:\Users\Stefan\Documents\CB109_2\CIM-CAD\Redesign\base
! SUMMARY-   
! SUMMARY-  Summary of Unigraphics Part Entities
! SUMMARY-   
! SUMMARY-  Entities Processed             Count
! SUMMARY-  ------------------             -----
! SUMMARY-  Solid .......................:     9
! SUMMARY-                                 -----
! SUMMARY-  Total                              9
! STATUS-   Creating the UG part (Phase 3 of 3): 23-MAY-2024  7:28:05 PM
! INFO-     Filing Part ..: C:\Users\Stefan\Documents\CB109_2\CIM-CAD\Redesign\gantry
! SUMMARY-   
! SUMMARY-  Summary of Unigraphics Part Entities
! SUMMARY-   
! SUMMARY-  Entities Processed             Count
! SUMMARY-  ------------------             -----
! SUMMARY-  Component ...................:     1
! SUMMARY-  Solid .......................:     3
! SUMMARY-                                 -----
! SUMMARY-  Total                              4
! STATUS-   Creating the UG part (Phase 3 of 3): 23-MAY-2024  7:28:05 PM
! INFO-     Filing Part ..: C:\Users\Stefan\Documents\CB109_2\CIM-CAD\Redesign\spindle holder
! SUMMARY-   
! SUMMARY-  Summary of Unigraphics Part Entities
! SUMMARY-   
! SUMMARY-  Entities Processed             Count
! SUMMARY-  ------------------             -----
! SUMMARY-  Component ...................:     1
! SUMMARY-  Solid .......................:     5
! SUMMARY-                                 -----
! SUMMARY-  Total                              6
! STATUS-   Creating the UG part (Phase 3 of 3): 23-MAY-2024  7:28:05 PM
! INFO-     Filing Part ..: C:\Users\Stefan\Documents\CB109_2\CIM-CAD\Redesign\Steppi 600 rough v11_step.prt
! SUMMARY-   
! SUMMARY-  Summary of Unigraphics Part Entities
! SUMMARY-   
! SUMMARY-  Entities Processed             Count
! SUMMARY-  ------------------             -----
! SUMMARY-  Component ...................:     4
! SUMMARY-                                 -----
! SUMMARY-  Total                              4
! INFO-      
! INFO-     Total number of solids input for this translation       :        23
! INFO-      
! INFO-     Number of solids created without body validation faults :        23
! INFO-      
! INFO-     Number of solids created with body validation fault(s)  :         0
! INFO-      
! INFO-     Number of solids ending up as sheet bodies              :         0
! INFO-      
! INFO-     End of Translation: 23-MAY-2024  7:28:05 PM
! INFO-      
